<?xml version="1.0" encoding="UTF-8"?>
<!-- Generated by org.testng.reporters.JUnitReportReporter -->
<testsuite skipped="0" hostname="MADNB3266" name="testSelenium.SeleniumTestNG" tests="1" failures="0" timestamp="06 Mar 2018 16:56:13 GMT" time="0.012" errors="0">
  <testcase name="Test1" time="0.012" classname="testSelenium.SeleniumTestNG"/>
</testsuite> <!-- testSelenium.SeleniumTestNG -->
